<?xml version="1.0" encoding="UTF-8"?>
<!-- Generated by org.testng.reporters.JUnitReportReporter -->
<testsuite hostname="DESKTOP-KOL8OGU" failures="0" tests="2" name="com.timeKeeping.actiTime.SeleniumAutomation.basicTestCase.ClassE" time="0.020" errors="0" timestamp="2022-09-08T08:09:35 IST" skipped="0">
  <testcase classname="com.timeKeeping.actiTime.SeleniumAutomation.basicTestCase.ClassE" name="demo1" time="0.013"/>
  <system-out/>
  <testcase classname="com.timeKeeping.actiTime.SeleniumAutomation.basicTestCase.ClassE" name="demo2" time="0.007"/>
  <system-out/>
</testsuite> <!-- com.timeKeeping.actiTime.SeleniumAutomation.basicTestCase.ClassE -->
