<?xml version="1.0" encoding="UTF-8"?>
<!-- Generated by org.testng.reporters.JUnitReportReporter -->
<testsuite hostname="DESKTOP-KOL8OGU" failures="0" tests="1" name="com.timeKeeping.actiTime.SeleniumAutomation.basicTestCase.ClassD" time="32.342" errors="0" timestamp="02 Sep 2022 07:00:27 GMT" skipped="0">
  <testcase classname="com.timeKeeping.actiTime.SeleniumAutomation.basicTestCase.ClassD" name="demo2" time="32.342"/>
</testsuite> <!-- com.timeKeeping.actiTime.SeleniumAutomation.basicTestCase.ClassD -->
