<?xml version="1.0" encoding="UTF-8"?>
<!-- Generated by org.testng.reporters.JUnitReportReporter -->
<testsuite hostname="DESKTOP-KOL8OGU" failures="0" tests="3" name="com.timeKeeping.actiTime.SeleniumAutomation.basicTestCase.ClassZ" time="0.022" errors="0" timestamp="2022-12-14T12:43:02 IST" skipped="0">
  <testcase classname="com.timeKeeping.actiTime.SeleniumAutomation.basicTestCase.ClassZ" name="demo2" time="0.015"/>
  <system-out/>
  <testcase classname="com.timeKeeping.actiTime.SeleniumAutomation.basicTestCase.ClassZ" name="demo3" time="0.004"/>
  <system-out/>
  <testcase classname="com.timeKeeping.actiTime.SeleniumAutomation.basicTestCase.ClassZ" name="demo1" time="0.003"/>
  <system-out/>
</testsuite> <!-- com.timeKeeping.actiTime.SeleniumAutomation.basicTestCase.ClassZ -->
