<?xml version="1.0" encoding="UTF-8"?>
<!-- Generated by org.testng.reporters.JUnitReportReporter -->
<testsuite hostname="DESKTOP-KOL8OGU" failures="0" tests="6" name="com.timeKeeping.actiTime.SeleniumAutomation.basicTestCase.InvocationCount" time="0.031" errors="0" timestamp="2022-12-14T12:58:59 IST" skipped="1">
  <testcase classname="com.timeKeeping.actiTime.SeleniumAutomation.basicTestCase.InvocationCount" name="testCase2" time="0.005"/>
  <system-out/>
  <testcase classname="com.timeKeeping.actiTime.SeleniumAutomation.basicTestCase.InvocationCount" name="testCase2" time="0.007"/>
  <system-out/>
  <testcase classname="com.timeKeeping.actiTime.SeleniumAutomation.basicTestCase.InvocationCount" name="testCase2" time="0.004"/>
  <system-out/>
  <testcase classname="com.timeKeeping.actiTime.SeleniumAutomation.basicTestCase.InvocationCount" name="testCase2" time="0.002"/>
  <system-out/>
  <testcase classname="com.timeKeeping.actiTime.SeleniumAutomation.basicTestCase.InvocationCount" name="testCase2" time="0.013"/>
  <system-out/>
  <testcase classname="com.timeKeeping.actiTime.SeleniumAutomation.basicTestCase.InvocationCount" name="testCase1">
    <skipped/>
  </testcase> <!-- testCase1 -->
  <system-out/>
</testsuite> <!-- com.timeKeeping.actiTime.SeleniumAutomation.basicTestCase.InvocationCount -->
