<?xml version="1.0" encoding="UTF-8"?>
<!-- Generated by org.testng.reporters.JUnitReportReporter -->
<testsuite hostname="DESKTOP-KOL8OGU" failures="0" tests="5" name="com.timeKeeping.actiTime.SeleniumAutomation.basicTestCase.ToPerformGroupExecution" time="0.027" errors="0" timestamp="2022-12-14T13:06:02 IST" skipped="0">
  <testcase classname="com.timeKeeping.actiTime.SeleniumAutomation.basicTestCase.ToPerformGroupExecution" name="select" time="0.004"/>
  <system-out/>
  <testcase classname="com.timeKeeping.actiTime.SeleniumAutomation.basicTestCase.ToPerformGroupExecution" name="login" time="0.003"/>
  <system-out/>
  <testcase classname="com.timeKeeping.actiTime.SeleniumAutomation.basicTestCase.ToPerformGroupExecution" name="logout" time="0.003"/>
  <system-out/>
  <testcase classname="com.timeKeeping.actiTime.SeleniumAutomation.basicTestCase.ToPerformGroupExecution" name="payment" time="0.003"/>
  <system-out/>
  <testcase classname="com.timeKeeping.actiTime.SeleniumAutomation.basicTestCase.ToPerformGroupExecution" name="addToCart" time="0.014"/>
  <system-out/>
</testsuite> <!-- com.timeKeeping.actiTime.SeleniumAutomation.basicTestCase.ToPerformGroupExecution -->
