<?xml version="1.0" encoding="UTF-8"?>
<!-- Generated by org.testng.reporters.JUnitReportReporter -->
<testsuite hostname="DESKTOP-KOL8OGU" failures="0" tests="1" name="com.timeKeeping.actiTime.SeleniumAutomation.basicTestCase.ClassF" time="0.004" errors="0" timestamp="2022-09-08T08:09:35 IST" skipped="0">
  <testcase classname="com.timeKeeping.actiTime.SeleniumAutomation.basicTestCase.ClassF" name="demo3" time="0.004"/>
  <system-out/>
</testsuite> <!-- com.timeKeeping.actiTime.SeleniumAutomation.basicTestCase.ClassF -->
