<?xml version="1.0" encoding="UTF-8"?>
<!-- Generated by org.testng.reporters.JUnitReportReporter -->
<testsuite hostname="DESKTOP-KOL8OGU" failures="0" tests="1" name="com.timeKeeping.actiTime.SeleniumAutomation.TaskTest.CreateCustomerInTaskTest" time="16.536" errors="0" timestamp="2022-09-15T00:41:54 IST" skipped="0">
  <testcase classname="com.timeKeeping.actiTime.SeleniumAutomation.TaskTest.CreateCustomerInTaskTest" name="createCustomerTest" time="16.536"/>
  <system-out/>
</testsuite> <!-- com.timeKeeping.actiTime.SeleniumAutomation.TaskTest.CreateCustomerInTaskTest -->
