<?xml version="1.0" encoding="UTF-8"?>
<!-- Generated by org.testng.reporters.JUnitReportReporter -->
<testsuite hostname="DESKTOP-KOL8OGU" failures="0" tests="3" name="com.timeKeeping.actiTime.SeleniumAutomation.basicTestCase.ClassA" time="0.026" errors="0" timestamp="02 Sep 2022 07:15:25 GMT" skipped="0">
  <testcase classname="com.timeKeeping.actiTime.SeleniumAutomation.basicTestCase.ClassA" name="demo2" time="0.006"/>
  <testcase classname="com.timeKeeping.actiTime.SeleniumAutomation.basicTestCase.ClassA" name="demo1" time="0.016"/>
  <testcase classname="com.timeKeeping.actiTime.SeleniumAutomation.basicTestCase.ClassA" name="demo3" time="0.004"/>
</testsuite> <!-- com.timeKeeping.actiTime.SeleniumAutomation.basicTestCase.ClassA -->
