<?xml version="1.0" encoding="UTF-8"?>
<!-- Generated by org.testng.reporters.JUnitReportReporter -->
<testsuite hostname="DESKTOP-KOL8OGU" failures="0" tests="3" name="com.timeKeeping.actiTime.SeleniumAutomation.basicTestCase.ClassB" time="0.008" errors="0" timestamp="02 Sep 2022 06:58:34 GMT" skipped="0">
  <testcase classname="com.timeKeeping.actiTime.SeleniumAutomation.basicTestCase.ClassB" name="demo4" time="0.004"/>
  <testcase classname="com.timeKeeping.actiTime.SeleniumAutomation.basicTestCase.ClassB" name="demo5" time="0.002"/>
  <testcase classname="com.timeKeeping.actiTime.SeleniumAutomation.basicTestCase.ClassB" name="demo6" time="0.002"/>
</testsuite> <!-- com.timeKeeping.actiTime.SeleniumAutomation.basicTestCase.ClassB -->
