<?xml version="1.0" encoding="UTF-8"?>
<!-- Generated by org.testng.reporters.JUnitReportReporter -->
<testsuite hostname="DESKTOP-KOL8OGU" failures="0" tests="2" name="com.timeKeeping.actiTime.SeleniumAutomation.basicTestCase.ToPerformGroupExecution" time="0.018" errors="0" timestamp="02 Sep 2022 07:03:31 GMT" skipped="0">
  <testcase classname="com.timeKeeping.actiTime.SeleniumAutomation.basicTestCase.ToPerformGroupExecution" name="login" time="0.016"/>
  <testcase classname="com.timeKeeping.actiTime.SeleniumAutomation.basicTestCase.ToPerformGroupExecution" name="logout" time="0.002"/>
</testsuite> <!-- com.timeKeeping.actiTime.SeleniumAutomation.basicTestCase.ToPerformGroupExecution -->
