<?xml version="1.0" encoding="UTF-8"?>
<!-- Generated by org.testng.reporters.JUnitReportReporter -->
<testsuite hostname="DESKTOP-KOL8OGU" failures="0" tests="2" name="com.timeKeeping.actiTime.SeleniumAutomation.basicTestCase.ToPerformCrossBrowserTesting" time="69.027" errors="0" timestamp="02 Sep 2022 07:06:48 GMT" skipped="0">
  <testcase classname="com.timeKeeping.actiTime.SeleniumAutomation.basicTestCase.ToPerformCrossBrowserTesting" name="demo" time="47.232"/>
  <testcase classname="com.timeKeeping.actiTime.SeleniumAutomation.basicTestCase.ToPerformCrossBrowserTesting" name="demo" time="21.795"/>
</testsuite> <!-- com.timeKeeping.actiTime.SeleniumAutomation.basicTestCase.ToPerformCrossBrowserTesting -->
