<?xml version="1.0" encoding="UTF-8"?>
<!-- Generated by org.testng.reporters.JUnitReportReporter -->
<testsuite hostname="DESKTOP-KOL8OGU" failures="0" tests="4" name="testNG.Classx" time="0.079" errors="0" timestamp="2022-08-30T16:41:35 IST" skipped="0">
  <testcase classname="testNG.Classx" name="b" time="0.034"/>
  <system-out/>
  <testcase classname="testNG.Classx" name="a" time="0.030"/>
  <system-out/>
  <testcase classname="testNG.Classx" name="c" time="0.009"/>
  <system-out/>
  <testcase classname="testNG.Classx" name="d" time="0.006"/>
  <system-out/>
</testsuite> <!-- testNG.Classx -->
