<?xml version="1.0" encoding="UTF-8"?>
<!-- Generated by org.testng.reporters.JUnitReportReporter -->
<testsuite hostname="DESKTOP-KOL8OGU" failures="0" tests="5" name="testNG.ClassA1" time="0.029" errors="0" timestamp="2022-08-30T11:41:04 IST" skipped="0">
  <testcase classname="testNG.ClassA1" name="demo1" time="0.014"/>
  <system-out/>
  <testcase classname="testNG.ClassA1" name="demo1" time="0.003"/>
  <system-out/>
  <testcase classname="testNG.ClassA1" name="demo1" time="0.005"/>
  <system-out/>
  <testcase classname="testNG.ClassA1" name="demo1" time="0.002"/>
  <system-out/>
  <testcase classname="testNG.ClassA1" name="demo1" time="0.005"/>
  <system-out/>
</testsuite> <!-- testNG.ClassA1 -->
