<?xml version="1.0" encoding="UTF-8"?>
<!-- Generated by org.testng.reporters.JUnitReportReporter -->
<testsuite hostname="DESKTOP-KOL8OGU" failures="0" tests="5" name="testNG.ClassA" time="0.030" errors="0" timestamp="2022-08-30T11:21:34 IST" skipped="0">
  <testcase classname="testNG.ClassA" name="demo1" time="0.014"/>
  <system-out/>
  <testcase classname="testNG.ClassA" name="demo1" time="0.003"/>
  <system-out/>
  <testcase classname="testNG.ClassA" name="demo1" time="0.003"/>
  <system-out/>
  <testcase classname="testNG.ClassA" name="demo1" time="0.003"/>
  <system-out/>
  <testcase classname="testNG.ClassA" name="demo1" time="0.007"/>
  <system-out/>
</testsuite> <!-- testNG.ClassA -->
