<?xml version="1.0" encoding="UTF-8"?>
<!-- Generated by org.testng.reporters.JUnitReportReporter -->
<testsuite hostname="DESKTOP-KOL8OGU" failures="0" tests="4" name="testNG.ClassB" time="0.020" errors="0" timestamp="2022-08-30T18:59:56 IST" skipped="0">
  <testcase classname="testNG.ClassB" name="login" time="0.002"/>
  <system-out/>
  <testcase classname="testNG.ClassB" name="addProductToCart" time="0.014"/>
  <system-out/>
  <testcase classname="testNG.ClassB" name="payment" time="0.002"/>
  <system-out/>
  <testcase classname="testNG.ClassB" name="selectProduct" time="0.002"/>
  <system-out/>
</testsuite> <!-- testNG.ClassB -->
