<?xml version="1.0" encoding="UTF-8"?>
<!-- Generated by org.testng.reporters.JUnitReportReporter -->
<testsuite hostname="DESKTOP-KOL8OGU" failures="0" tests="4" name="testNG.ClassD" time="0.018" errors="0" timestamp="2022-08-30T12:44:46 IST" skipped="2">
  <testcase classname="testNG.ClassD" name="b" time="0.002"/>
  <system-out/>
  <testcase classname="testNG.ClassD" name="a" time="0.016"/>
  <system-out/>
  <testcase classname="testNG.ClassD" name="c">
    <skipped/>
  </testcase> <!-- c -->
  <system-out/>
  <testcase classname="testNG.ClassD" name="d">
    <skipped/>
  </testcase> <!-- d -->
  <system-out/>
</testsuite> <!-- testNG.ClassD -->
