<?xml version="1.0" encoding="UTF-8"?>
<!-- Generated by org.testng.reporters.JUnitReportReporter -->
<testsuite hostname="DESKTOP-KOL8OGU" failures="0" tests="4" name="testNG.ClassC" time="0.020" errors="0" timestamp="2022-08-30T12:48:22 IST" skipped="0">
  <testcase classname="testNG.ClassC" name="c" time="0.003"/>
  <system-out/>
  <testcase classname="testNG.ClassC" name="d" time="0.003"/>
  <system-out/>
  <testcase classname="testNG.ClassC" name="b" time="0.001"/>
  <system-out/>
  <testcase classname="testNG.ClassC" name="a" time="0.013"/>
  <system-out/>
</testsuite> <!-- testNG.ClassC -->
